> Task :runWithCompileClasspath
ðŸ” Loaded 956 targets from src/test/testData/input.json
WARN: Attempt to load key 'psi.sleep.in.validity.check' for not yet loaded registry
WARN: Attempt to load key 'psi.incremental.reparse.depth.limit' for not yet loaded registry
SLF4J(W): Class path contains multiple SLF4J providers.
SLF4J(W): Found provider [org.slf4j.simple.SimpleServiceProvider@28fa700e]
SLF4J(W): Found provider [org.slf4j.jul.JULServiceProvider@3d526ad9]
SLF4J(W): See https://www.slf4j.org/codes.html#multiple_bindings for an explanation.
SLF4J(I): Actual provider is of type [org.slf4j.simple.SimpleServiceProvider@28fa700e]
ðŸ“¦ Processed 10/956 | âœ… 10 | âŒ 0 | â± 104s elapsed | Last item 10s
ðŸ“¦ Processed 20/956 | âœ… 20 | âŒ 0 | â± 190s elapsed | Last item 7s
ðŸ“¦ Processed 30/956 | âœ… 30 | âŒ 0 | â± 262s elapsed | Last item 5s
ðŸ“¦ Processed 40/956 | âœ… 40 | âŒ 0 | â± 352s elapsed | Last item 6s
ðŸ“¦ Processed 50/956 | âœ… 50 | âŒ 0 | â± 427s elapsed | Last item 9s
ðŸ“¦ Processed 60/956 | âœ… 60 | âŒ 0 | â± 506s elapsed | Last item 9s
ðŸ“¦ Processed 70/956 | âœ… 68 | âŒ 2 | â± 568s elapsed | Last item 0s
WARN: Attempt to load key 'platform.random.idempotence.check.rate' for not yet loaded registry
ðŸ“¦ Processed 80/956 | âœ… 77 | âŒ 3 | â± 655s elapsed | Last item 7s
ðŸ“¦ Processed 90/956 | âœ… 86 | âŒ 4 | â± 745s elapsed | Last item 6s
ðŸ“¦ Processed 100/956 | âœ… 96 | âŒ 4 | â± 845s elapsed | Last item 6s
ðŸ“¦ Processed 110/956 | âœ… 106 | âŒ 4 | â± 937s elapsed | Last item 8s
ðŸ“¦ Processed 120/956 | âœ… 116 | âŒ 4 | â± 1020s elapsed | Last item 7s
ðŸ“¦ Processed 130/956 | âœ… 126 | âŒ 4 | â± 1109s elapsed | Last item 14s
ðŸ“¦ Processed 140/956 | âœ… 136 | âŒ 4 | â± 1194s elapsed | Last item 8s
ðŸ“¦ Processed 150/956 | âœ… 146 | âŒ 4 | â± 1284s elapsed | Last item 7s
ðŸ“¦ Processed 160/956 | âœ… 155 | âŒ 5 | â± 1369s elapsed | Last item 12s
ðŸ“¦ Processed 170/956 | âœ… 164 | âŒ 6 | â± 1455s elapsed | Last item 10s
ðŸ“¦ Processed 180/956 | âœ… 171 | âŒ 9 | â± 1509s elapsed | Last item 6s
ðŸ“¦ Processed 190/956 | âœ… 179 | âŒ 11 | â± 1583s elapsed | Last item 8s

> Task :runWithCompileClasspath FAILED

Execution failed for task ':runWithCompileClasspath'.
> Build cancelled while executing task ':runWithCompileClasspath'

* Try:
> Run with --stacktrace option to get the stack trace.
> Run with --info or --debug option to get more log output.
> Run with --scan to generate a Build Scan (Powered by Develocity).
> Get more help at https://help.gradle.org.
BUILD FAILED in 26m 40s
6 actionable tasks: 4 executed, 2 up-to-date
Configuration cache entry reused.